  Asteroid-Shooter.cpp
C:\Users\asus\Desktop\Portfolio Projects\Asteroid-Shooter-2Players\Asteroid-Shooter\olcConsoleGameEngine.h(759,1): warning C4267: 'initializing': conversion from 'size_t' to 'int', possible loss of data
C:\Users\asus\Desktop\Portfolio Projects\Asteroid-Shooter-2Players\Asteroid-Shooter\olcConsoleGameEngine.h(1099,1): warning C4267: 'return': conversion from 'size_t' to 'unsigned int', possible loss of data
C:\Users\asus\Desktop\Portfolio Projects\Asteroid-Shooter-2Players\Asteroid-Shooter\olcConsoleGameEngine.h(1196,1): warning C4312: 'type cast': conversion from 'DWORD' to 'olcConsoleGameEngine *' of greater size
C:\Users\asus\Desktop\Portfolio Projects\Asteroid-Shooter-2Players\Asteroid-Shooter\Asteroid-Shooter.cpp(142,52): warning C4244: 'argument': conversion from 'int' to 'float', possible loss of data
C:\Users\asus\Desktop\Portfolio Projects\Asteroid-Shooter-2Players\Asteroid-Shooter\Asteroid-Shooter.cpp(144,52): warning C4244: 'argument': conversion from 'int' to 'float', possible loss of data
C:\Users\asus\Desktop\Portfolio Projects\Asteroid-Shooter-2Players\Asteroid-Shooter\Asteroid-Shooter.cpp(181,28): warning C4244: 'argument': conversion from 'float' to 'int', possible loss of data
C:\Users\asus\Desktop\Portfolio Projects\Asteroid-Shooter-2Players\Asteroid-Shooter\Asteroid-Shooter.cpp(181,23): warning C4244: 'argument': conversion from 'float' to 'int', possible loss of data
C:\Users\asus\Desktop\Portfolio Projects\Asteroid-Shooter-2Players\Asteroid-Shooter\Asteroid-Shooter.cpp(187,56): warning C4244: 'argument': conversion from 'int' to 'float', possible loss of data
C:\Users\asus\Desktop\Portfolio Projects\Asteroid-Shooter-2Players\Asteroid-Shooter\Asteroid-Shooter.cpp(213,28): warning C4244: 'argument': conversion from 'float' to 'int', possible loss of data
C:\Users\asus\Desktop\Portfolio Projects\Asteroid-Shooter-2Players\Asteroid-Shooter\Asteroid-Shooter.cpp(213,23): warning C4244: 'argument': conversion from 'float' to 'int', possible loss of data
C:\Users\asus\Desktop\Portfolio Projects\Asteroid-Shooter-2Players\Asteroid-Shooter\Asteroid-Shooter.cpp(219,56): warning C4244: 'argument': conversion from 'int' to 'float', possible loss of data
C:\Users\asus\Desktop\Portfolio Projects\Asteroid-Shooter-2Players\Asteroid-Shooter\Asteroid-Shooter.cpp(384,1): warning C4267: 'initializing': conversion from 'size_t' to 'int', possible loss of data
C:\Users\asus\Desktop\Portfolio Projects\Asteroid-Shooter-2Players\Asteroid-Shooter\Asteroid-Shooter.cpp(409,191): warning C4244: 'argument': conversion from '_Ty2' to 'int', possible loss of data
          with
          [
              _Ty2=float
          ]
C:\Users\asus\Desktop\Portfolio Projects\Asteroid-Shooter-2Players\Asteroid-Shooter\Asteroid-Shooter.cpp(409,147): warning C4244: 'argument': conversion from '_Ty1' to 'int', possible loss of data
          with
          [
              _Ty1=float
          ]
C:\Users\asus\Desktop\Portfolio Projects\Asteroid-Shooter-2Players\Asteroid-Shooter\Asteroid-Shooter.cpp(409,102): warning C4244: 'argument': conversion from '_Ty2' to 'int', possible loss of data
          with
          [
              _Ty2=float
          ]
C:\Users\asus\Desktop\Portfolio Projects\Asteroid-Shooter-2Players\Asteroid-Shooter\Asteroid-Shooter.cpp(409,58): warning C4244: 'argument': conversion from '_Ty1' to 'int', possible loss of data
          with
          [
              _Ty1=float
          ]
C:\Users\asus\Desktop\Portfolio Projects\Asteroid-Shooter-2Players\Asteroid-Shooter\Asteroid-Shooter.cpp(427,28): warning C4244: 'argument': conversion from 'int' to 'float', possible loss of data
C:\Users\asus\Desktop\Portfolio Projects\Asteroid-Shooter-2Players\Asteroid-Shooter\Asteroid-Shooter.cpp(427,25): warning C4244: 'argument': conversion from 'int' to 'float', possible loss of data
C:\Users\asus\Desktop\Portfolio Projects\Asteroid-Shooter-2Players\Asteroid-Shooter\Asteroid-Shooter.cpp(428,40): warning C4244: 'argument': conversion from 'float' to 'int', possible loss of data
C:\Users\asus\Desktop\Portfolio Projects\Asteroid-Shooter-2Players\Asteroid-Shooter\Asteroid-Shooter.cpp(428,36): warning C4244: 'argument': conversion from 'float' to 'int', possible loss of data
  Asteroid-Shooter.vcxproj -> C:\Users\asus\Desktop\Portfolio Projects\Asteroid-Shooter-2Players\x64\Debug\Asteroid-Shooter.exe
